Performing C SOURCE FILE Test CMAKE_HAVE_LIBC_PTHREAD failed with the following output:
Change Dir: /home/antonio/documents/2019Summer/dronRL/crazyflies_ws/build/catkin_tools_prebuild/CMakeFiles/CMakeTmp

Run Build Command(s):/usr/bin/make cmTC_c9f3c/fast && /usr/bin/make -f CMakeFiles/cmTC_c9f3c.dir/build.make CMakeFiles/cmTC_c9f3c.dir/build
make[1]: Entering directory '/home/antonio/documents/2019Summer/dronRL/crazyflies_ws/build/catkin_tools_prebuild/CMakeFiles/CMakeTmp'
Building C object CMakeFiles/cmTC_c9f3c.dir/src.c.o
/usr/bin/cc   -DCMAKE_HAVE_LIBC_PTHREAD   -o CMakeFiles/cmTC_c9f3c.dir/src.c.o   -c /home/antonio/documents/2019Summer/dronRL/crazyflies_ws/build/catkin_tools_prebuild/CMakeFiles/CMakeTmp/src.c
Linking C executable cmTC_c9f3c
/usr/local/bin/cmake -E cmake_link_script CMakeFiles/cmTC_c9f3c.dir/link.txt --verbose=1
/usr/bin/cc  -DCMAKE_HAVE_LIBC_PTHREAD    -rdynamic CMakeFiles/cmTC_c9f3c.dir/src.c.o  -o cmTC_c9f3c 
CMakeFiles/cmTC_c9f3c.dir/src.c.o: In function `main':
src.c:(.text+0x3c): undefined reference to `pthread_create'
src.c:(.text+0x48): undefined reference to `pthread_detach'
src.c:(.text+0x59): undefined reference to `pthread_join'
src.c:(.text+0x6d): undefined reference to `pthread_atfork'
collect2: error: ld returned 1 exit status
CMakeFiles/cmTC_c9f3c.dir/build.make:86: recipe for target 'cmTC_c9f3c' failed
make[1]: *** [cmTC_c9f3c] Error 1
make[1]: Leaving directory '/home/antonio/documents/2019Summer/dronRL/crazyflies_ws/build/catkin_tools_prebuild/CMakeFiles/CMakeTmp'
Makefile:121: recipe for target 'cmTC_c9f3c/fast' failed
make: *** [cmTC_c9f3c/fast] Error 2


Source file was:
#include <pthread.h>

void* test_func(void* data)
{
  return data;
}

int main(void)
{
  pthread_t thread;
  pthread_create(&thread, NULL, test_func, NULL);
  pthread_detach(thread);
  pthread_join(thread, NULL);
  pthread_atfork(NULL, NULL, NULL);
  pthread_exit(NULL);

  return 0;
}

Determining if the function pthread_create exists in the pthreads failed with the following output:
Change Dir: /home/antonio/documents/2019Summer/dronRL/crazyflies_ws/build/catkin_tools_prebuild/CMakeFiles/CMakeTmp

Run Build Command(s):/usr/bin/make cmTC_73adf/fast && /usr/bin/make -f CMakeFiles/cmTC_73adf.dir/build.make CMakeFiles/cmTC_73adf.dir/build
make[1]: Entering directory '/home/antonio/documents/2019Summer/dronRL/crazyflies_ws/build/catkin_tools_prebuild/CMakeFiles/CMakeTmp'
Building C object CMakeFiles/cmTC_73adf.dir/CheckFunctionExists.c.o
/usr/bin/cc   -DCHECK_FUNCTION_EXISTS=pthread_create   -o CMakeFiles/cmTC_73adf.dir/CheckFunctionExists.c.o   -c /usr/local/share/cmake-3.15/Modules/CheckFunctionExists.c
Linking C executable cmTC_73adf
/usr/local/bin/cmake -E cmake_link_script CMakeFiles/cmTC_73adf.dir/link.txt --verbose=1
/usr/bin/cc  -DCHECK_FUNCTION_EXISTS=pthread_create    -rdynamic CMakeFiles/cmTC_73adf.dir/CheckFunctionExists.c.o  -o cmTC_73adf -lpthreads 
/usr/bin/ld: cannot find -lpthreads
collect2: error: ld returned 1 exit status
CMakeFiles/cmTC_73adf.dir/build.make:86: recipe for target 'cmTC_73adf' failed
make[1]: *** [cmTC_73adf] Error 1
make[1]: Leaving directory '/home/antonio/documents/2019Summer/dronRL/crazyflies_ws/build/catkin_tools_prebuild/CMakeFiles/CMakeTmp'
Makefile:121: recipe for target 'cmTC_73adf/fast' failed
make: *** [cmTC_73adf/fast] Error 2



