Performing C SOURCE FILE Test CMAKE_HAVE_LIBC_PTHREAD failed with the following output:
Change Dir: /home/antonio/documents/2019Summer/dronRL/crazyflies_ws/build/mav_planning_msgs/CMakeFiles/CMakeTmp

Run Build Command(s):/usr/bin/make cmTC_acba1/fast && /usr/bin/make -f CMakeFiles/cmTC_acba1.dir/build.make CMakeFiles/cmTC_acba1.dir/build
make[1]: Entering directory '/home/antonio/documents/2019Summer/dronRL/crazyflies_ws/build/mav_planning_msgs/CMakeFiles/CMakeTmp'
Building C object CMakeFiles/cmTC_acba1.dir/src.c.o
/usr/bin/cc   -DCMAKE_HAVE_LIBC_PTHREAD   -o CMakeFiles/cmTC_acba1.dir/src.c.o   -c /home/antonio/documents/2019Summer/dronRL/crazyflies_ws/build/mav_planning_msgs/CMakeFiles/CMakeTmp/src.c
Linking C executable cmTC_acba1
/usr/local/bin/cmake -E cmake_link_script CMakeFiles/cmTC_acba1.dir/link.txt --verbose=1
/usr/bin/cc  -DCMAKE_HAVE_LIBC_PTHREAD    -rdynamic CMakeFiles/cmTC_acba1.dir/src.c.o  -o cmTC_acba1 
CMakeFiles/cmTC_acba1.dir/src.c.o: In function `main':
src.c:(.text+0x3c): undefined reference to `pthread_create'
src.c:(.text+0x48): undefined reference to `pthread_detach'
src.c:(.text+0x59): undefined reference to `pthread_join'
src.c:(.text+0x6d): undefined reference to `pthread_atfork'
collect2: error: ld returned 1 exit status
CMakeFiles/cmTC_acba1.dir/build.make:86: recipe for target 'cmTC_acba1' failed
make[1]: *** [cmTC_acba1] Error 1
make[1]: Leaving directory '/home/antonio/documents/2019Summer/dronRL/crazyflies_ws/build/mav_planning_msgs/CMakeFiles/CMakeTmp'
Makefile:121: recipe for target 'cmTC_acba1/fast' failed
make: *** [cmTC_acba1/fast] Error 2


Source file was:
#include <pthread.h>

void* test_func(void* data)
{
  return data;
}

int main(void)
{
  pthread_t thread;
  pthread_create(&thread, NULL, test_func, NULL);
  pthread_detach(thread);
  pthread_join(thread, NULL);
  pthread_atfork(NULL, NULL, NULL);
  pthread_exit(NULL);

  return 0;
}

Determining if the function pthread_create exists in the pthreads failed with the following output:
Change Dir: /home/antonio/documents/2019Summer/dronRL/crazyflies_ws/build/mav_planning_msgs/CMakeFiles/CMakeTmp

Run Build Command(s):/usr/bin/make cmTC_dcdd3/fast && /usr/bin/make -f CMakeFiles/cmTC_dcdd3.dir/build.make CMakeFiles/cmTC_dcdd3.dir/build
make[1]: Entering directory '/home/antonio/documents/2019Summer/dronRL/crazyflies_ws/build/mav_planning_msgs/CMakeFiles/CMakeTmp'
Building C object CMakeFiles/cmTC_dcdd3.dir/CheckFunctionExists.c.o
/usr/bin/cc   -DCHECK_FUNCTION_EXISTS=pthread_create   -o CMakeFiles/cmTC_dcdd3.dir/CheckFunctionExists.c.o   -c /usr/local/share/cmake-3.15/Modules/CheckFunctionExists.c
Linking C executable cmTC_dcdd3
/usr/local/bin/cmake -E cmake_link_script CMakeFiles/cmTC_dcdd3.dir/link.txt --verbose=1
/usr/bin/cc  -DCHECK_FUNCTION_EXISTS=pthread_create    -rdynamic CMakeFiles/cmTC_dcdd3.dir/CheckFunctionExists.c.o  -o cmTC_dcdd3 -lpthreads 
/usr/bin/ld: cannot find -lpthreads
collect2: error: ld returned 1 exit status
CMakeFiles/cmTC_dcdd3.dir/build.make:86: recipe for target 'cmTC_dcdd3' failed
make[1]: *** [cmTC_dcdd3] Error 1
make[1]: Leaving directory '/home/antonio/documents/2019Summer/dronRL/crazyflies_ws/build/mav_planning_msgs/CMakeFiles/CMakeTmp'
Makefile:121: recipe for target 'cmTC_dcdd3/fast' failed
make: *** [cmTC_dcdd3/fast] Error 2



