In file included from [01m[K/opt/ros/kinetic/include/ros/assert.h:35:0[m[K,
                 from [01m[K/opt/ros/kinetic/include/ros/common.h:36[m[K,
                 from [01m[K/opt/ros/kinetic/include/ros/callback_queue_interface.h:39[m[K,
                 from [01m[K/opt/ros/kinetic/include/ros/callback_queue.h:53[m[K,
                 from [01m[K/home/antonio/documents/2019Summer/dronRL/crazyflies_ws/src/CrazyS/rotors_control/src/nodes/position_controller_node.h:33[m[K,
                 from [01m[K/home/antonio/documents/2019Summer/dronRL/crazyflies_ws/src/CrazyS/rotors_control/src/nodes/position_controller_node.cpp:18[m[K:
[01m[K/home/antonio/documents/2019Summer/dronRL/crazyflies_ws/src/CrazyS/rotors_control/src/nodes/position_controller_node.cpp:[m[K In constructor ‘[01m[Krotors_control::PositionControllerNode::PositionControllerNode()[m[K’:
[01m[K/opt/ros/kinetic/include/ros/console.h:346:176:[m[K [01;35m[Kwarning: [m[Kformat ‘[01m[K%d[m[K’ expects a matching ‘[01m[Kint[m[K’ argument [-Wformat=]
     ::ros::console::print(filter, __rosconsole_define_location__loc.logger_, __rosconsole_define_location__loc.level_, __FILE__, __LINE__, __ROSCONSOLE_FUNCTION__, __VA_ARGS__)
[01;32m[K                                                                                                                                                                                ^[m[K
[01m[K/opt/ros/kinetic/include/ros/console.h:349:5:[m[K [01;36m[Knote: [m[Kin expansion of macro ‘[01m[KROSCONSOLE_PRINT_AT_LOCATION_WITH_FILTER[m[K’
     ROSCONSOLE_PRINT_AT_LOCATION_WITH_FILTER(0, __VA_ARGS__)
[01;32m[K     ^[m[K
[01m[K/opt/ros/kinetic/include/ros/console.h:379:7:[m[K [01;36m[Knote: [m[Kin expansion of macro ‘[01m[KROSCONSOLE_PRINT_AT_LOCATION[m[K’
       ROSCONSOLE_PRINT_AT_LOCATION(__VA_ARGS__); \
[01;32m[K       ^[m[K
[01m[K/opt/ros/kinetic/include/ros/console.h:561:35:[m[K [01;36m[Knote: [m[Kin expansion of macro ‘[01m[KROS_LOG_COND[m[K’
 #define ROS_LOG(level, name, ...) ROS_LOG_COND(true, level, name, __VA_ARGS__)
[01;32m[K                                   ^[m[K
[01m[K/opt/ros/kinetic/include/rosconsole/macros_generated.h:110:23:[m[K [01;36m[Knote: [m[Kin expansion of macro ‘[01m[KROS_LOG[m[K’
 #define ROS_INFO(...) ROS_LOG(::ros::console::levels::Info, ROSCONSOLE_DEFAULT_NAME, __VA_ARGS__)
[01;32m[K                       ^[m[K
[01m[K/home/antonio/documents/2019Summer/dronRL/crazyflies_ws/src/CrazyS/rotors_control/src/nodes/position_controller_node.cpp:54:7:[m[K [01;36m[Knote: [m[Kin expansion of macro ‘[01m[KROS_INFO[m[K’
       ROS_INFO("Got param 'enable_state_estimator': %d");
[01;32m[K       ^[m[K
