[35m[1mScanning dependencies of target sensor_msgs_generate_messages_cpp[0m
[35m[1mScanning dependencies of target sensor_msgs_generate_messages_nodejs[0m
[35m[1mScanning dependencies of target sensor_msgs_generate_messages_py[0m
[  0%] Built target sensor_msgs_generate_messages_cpp
[  0%] Built target sensor_msgs_generate_messages_py
[35m[1mScanning dependencies of target mav_msgs_generate_messages_py[0m
[  0%] Built target sensor_msgs_generate_messages_nodejs
[35m[1mScanning dependencies of target mav_msgs_generate_messages_cpp[0m
[35m[1mScanning dependencies of target mav_msgs_generate_messages_eus[0m
[  0%] Built target mav_msgs_generate_messages_py
[35m[1mScanning dependencies of target sensor_msgs_generate_messages_lisp[0m
[35m[1mScanning dependencies of target trajectory_msgs_generate_messages_eus[0m
[  0%] Built target mav_msgs_generate_messages_cpp
[  0%] Built target mav_msgs_generate_messages_eus
[  0%] Built target sensor_msgs_generate_messages_lisp
[  0%] Built target trajectory_msgs_generate_messages_eus
[35m[1mScanning dependencies of target geometry_msgs_generate_messages_py[0m
[35m[1mScanning dependencies of target std_msgs_generate_messages_nodejs[0m
[  0%] Built target geometry_msgs_generate_messages_py
[  0%] Built target std_msgs_generate_messages_nodejs
[35m[1mScanning dependencies of target std_msgs_generate_messages_eus[0m
[35m[1mScanning dependencies of target roscpp_generate_messages_lisp[0m
[  0%] Built target std_msgs_generate_messages_eus
[  0%] Built target roscpp_generate_messages_lisp
[35m[1mScanning dependencies of target mav_msgs_generate_messages_nodejs[0m
[  0%] Built target mav_msgs_generate_messages_nodejs
[35m[1mScanning dependencies of target geometry_msgs_generate_messages_nodejs[0m
[  0%] Built target geometry_msgs_generate_messages_nodejs
[35m[1mScanning dependencies of target trajectory_msgs_generate_messages_py[0m
[  0%] Built target trajectory_msgs_generate_messages_py
[35m[1mScanning dependencies of target actionlib_msgs_generate_messages_eus[0m
[  0%] Built target actionlib_msgs_generate_messages_eus
[35m[1mScanning dependencies of target std_msgs_generate_messages_lisp[0m
[  0%] Built target std_msgs_generate_messages_lisp
[35m[1mScanning dependencies of target geometry_msgs_generate_messages_lisp[0m
[  0%] Built target geometry_msgs_generate_messages_lisp
[35m[1mScanning dependencies of target roscpp_generate_messages_nodejs[0m
[35m[1mScanning dependencies of target rosgraph_msgs_generate_messages_lisp[0m
[  0%] Built target roscpp_generate_messages_nodejs
[  0%] Built target rosgraph_msgs_generate_messages_lisp
[35m[1mScanning dependencies of target rosgraph_msgs_generate_messages_py[0m
[  0%] Built target rosgraph_msgs_generate_messages_py
[35m[1mScanning dependencies of target nav_msgs_generate_messages_eus[0m
[  0%] Built target nav_msgs_generate_messages_eus
[35m[1mScanning dependencies of target geometry_msgs_generate_messages_eus[0m
[  0%] Built target geometry_msgs_generate_messages_eus
[35m[1mScanning dependencies of target actionlib_msgs_generate_messages_py[0m
[  0%] Built target actionlib_msgs_generate_messages_py
[35m[1mScanning dependencies of target roscpp_generate_messages_cpp[0m
[  0%] Built target roscpp_generate_messages_cpp
[35m[1mScanning dependencies of target rosgraph_msgs_generate_messages_cpp[0m
[  0%] Built target rosgraph_msgs_generate_messages_cpp
[35m[1mScanning dependencies of target trajectory_msgs_generate_messages_cpp[0m
[  0%] Built target trajectory_msgs_generate_messages_cpp
[35m[1mScanning dependencies of target geometry_msgs_generate_messages_cpp[0m
[  0%] Built target geometry_msgs_generate_messages_cpp
[35m[1mScanning dependencies of target trajectory_msgs_generate_messages_lisp[0m
[35m[1mScanning dependencies of target trajectory_msgs_generate_messages_nodejs[0m
[  0%] Built target trajectory_msgs_generate_messages_lisp
[  0%] Built target trajectory_msgs_generate_messages_nodejs
[35m[1mScanning dependencies of target nav_msgs_generate_messages_cpp[0m
[35m[1mScanning dependencies of target sensor_msgs_generate_messages_eus[0m
[  0%] Built target nav_msgs_generate_messages_cpp
[  0%] Built target sensor_msgs_generate_messages_eus
[35m[1mScanning dependencies of target std_msgs_generate_messages_cpp[0m
[35m[1mScanning dependencies of target actionlib_msgs_generate_messages_cpp[0m
[  0%] Built target std_msgs_generate_messages_cpp
[  0%] Built target actionlib_msgs_generate_messages_cpp
[35m[1mScanning dependencies of target rosgraph_msgs_generate_messages_nodejs[0m
[  0%] Built target rosgraph_msgs_generate_messages_nodejs
[35m[1mScanning dependencies of target nav_msgs_generate_messages_lisp[0m
[  0%] Built target nav_msgs_generate_messages_lisp
[35m[1mScanning dependencies of target nav_msgs_generate_messages_nodejs[0m
[  0%] Built target nav_msgs_generate_messages_nodejs
[35m[1mScanning dependencies of target std_msgs_generate_messages_py[0m
[  0%] Built target std_msgs_generate_messages_py
[35m[1mScanning dependencies of target nav_msgs_generate_messages_py[0m
[  0%] Built target nav_msgs_generate_messages_py
[35m[1mScanning dependencies of target mav_msgs_generate_messages_lisp[0m
[  0%] Built target mav_msgs_generate_messages_lisp
[35m[1mScanning dependencies of target actionlib_msgs_generate_messages_lisp[0m
[  0%] Built target actionlib_msgs_generate_messages_lisp
[35m[1mScanning dependencies of target roscpp_generate_messages_eus[0m
[35m[1mScanning dependencies of target actionlib_msgs_generate_messages_nodejs[0m
[  0%] Built target roscpp_generate_messages_eus
[  0%] Built target actionlib_msgs_generate_messages_nodejs
[35m[1mScanning dependencies of target roscpp_generate_messages_py[0m
[  0%] Built target roscpp_generate_messages_py
[35m[1mScanning dependencies of target rosgraph_msgs_generate_messages_eus[0m
[  0%] Built target rosgraph_msgs_generate_messages_eus
[35m[1mScanning dependencies of target sensfusion6[0m
[  5%] [32mBuilding CXX object CMakeFiles/sensfusion6.dir/src/library/sensfusion6.cpp.o[0m
[35m[1mScanning dependencies of target crazyflie_complementary_filter[0m
[35m[1mScanning dependencies of target roll_pitch_yawrate_thrust_controller[0m
[ 11%] [32mBuilding CXX object CMakeFiles/crazyflie_complementary_filter.dir/src/library/crazyflie_complementary_filter.cpp.o[0m
[35m[1mScanning dependencies of target crazyflie_onboard_controller[0m
[ 16%] [32mBuilding CXX object CMakeFiles/roll_pitch_yawrate_thrust_controller.dir/src/library/roll_pitch_yawrate_thrust_controller.cpp.o[0m
[ 22%] [32mBuilding CXX object CMakeFiles/crazyflie_onboard_controller.dir/src/library/crazyflie_onboard_controller.cpp.o[0m
[35m[1mScanning dependencies of target lee_position_controller[0m
[35m[1mScanning dependencies of target position_controller[0m
[ 27%] [32mBuilding CXX object CMakeFiles/lee_position_controller.dir/src/library/lee_position_controller.cpp.o[0m
[ 33%] [32mBuilding CXX object CMakeFiles/position_controller.dir/src/library/position_controller.cpp.o[0m
[ 38%] [32m[1mLinking CXX shared library /home/antonio/documents/2019Summer/dronRL/crazyflies_ws/devel/.private/rotors_control/lib/libsensfusion6.so[0m
[ 38%] Built target sensfusion6
[ 44%] [32m[1mLinking CXX shared library /home/antonio/documents/2019Summer/dronRL/crazyflies_ws/devel/.private/rotors_control/lib/libcrazyflie_complementary_filter.so[0m
[ 44%] Built target crazyflie_complementary_filter
[ 50%] [32m[1mLinking CXX shared library /home/antonio/documents/2019Summer/dronRL/crazyflies_ws/devel/.private/rotors_control/lib/libcrazyflie_onboard_controller.so[0m
[ 50%] Built target crazyflie_onboard_controller
[ 55%] [32m[1mLinking CXX shared library /home/antonio/documents/2019Summer/dronRL/crazyflies_ws/devel/.private/rotors_control/lib/libposition_controller.so[0m
[ 55%] Built target position_controller
[35m[1mScanning dependencies of target position_controller_node[0m
[ 61%] [32mBuilding CXX object CMakeFiles/position_controller_node.dir/src/nodes/position_controller_node.cpp.o[0m
In file included from [01m[K/opt/ros/kinetic/include/ros/assert.h:35:0[m[K,
                 from [01m[K/opt/ros/kinetic/include/ros/common.h:36[m[K,
                 from [01m[K/opt/ros/kinetic/include/ros/callback_queue_interface.h:39[m[K,
                 from [01m[K/opt/ros/kinetic/include/ros/callback_queue.h:53[m[K,
                 from [01m[K/home/antonio/documents/2019Summer/dronRL/crazyflies_ws/src/CrazyS/rotors_control/src/nodes/position_controller_node.h:33[m[K,
                 from [01m[K/home/antonio/documents/2019Summer/dronRL/crazyflies_ws/src/CrazyS/rotors_control/src/nodes/position_controller_node.cpp:18[m[K:
[01m[K/home/antonio/documents/2019Summer/dronRL/crazyflies_ws/src/CrazyS/rotors_control/src/nodes/position_controller_node.cpp:[m[K In constructor ‘[01m[Krotors_control::PositionControllerNode::PositionControllerNode()[m[K’:
[01m[K/opt/ros/kinetic/include/ros/console.h:346:176:[m[K [01;35m[Kwarning: [m[Kformat ‘[01m[K%d[m[K’ expects a matching ‘[01m[Kint[m[K’ argument [-Wformat=]
     ::ros::console::print(filter, __rosconsole_define_location__loc.logger_, __rosconsole_define_location__loc.level_, __FILE__, __LINE__, __ROSCONSOLE_FUNCTION__, __VA_ARGS__)
[01;32m[K                                                                                                                                                                                ^[m[K
[01m[K/opt/ros/kinetic/include/ros/console.h:349:5:[m[K [01;36m[Knote: [m[Kin expansion of macro ‘[01m[KROSCONSOLE_PRINT_AT_LOCATION_WITH_FILTER[m[K’
     ROSCONSOLE_PRINT_AT_LOCATION_WITH_FILTER(0, __VA_ARGS__)
[01;32m[K     ^[m[K
[01m[K/opt/ros/kinetic/include/ros/console.h:379:7:[m[K [01;36m[Knote: [m[Kin expansion of macro ‘[01m[KROSCONSOLE_PRINT_AT_LOCATION[m[K’
       ROSCONSOLE_PRINT_AT_LOCATION(__VA_ARGS__); \
[01;32m[K       ^[m[K
[01m[K/opt/ros/kinetic/include/ros/console.h:561:35:[m[K [01;36m[Knote: [m[Kin expansion of macro ‘[01m[KROS_LOG_COND[m[K’
 #define ROS_LOG(level, name, ...) ROS_LOG_COND(true, level, name, __VA_ARGS__)
[01;32m[K                                   ^[m[K
[01m[K/opt/ros/kinetic/include/rosconsole/macros_generated.h:110:23:[m[K [01;36m[Knote: [m[Kin expansion of macro ‘[01m[KROS_LOG[m[K’
 #define ROS_INFO(...) ROS_LOG(::ros::console::levels::Info, ROSCONSOLE_DEFAULT_NAME, __VA_ARGS__)
[01;32m[K                       ^[m[K
[01m[K/home/antonio/documents/2019Summer/dronRL/crazyflies_ws/src/CrazyS/rotors_control/src/nodes/position_controller_node.cpp:54:7:[m[K [01;36m[Knote: [m[Kin expansion of macro ‘[01m[KROS_INFO[m[K’
       ROS_INFO("Got param 'enable_state_estimator': %d");
[01;32m[K       ^[m[K
[ 66%] [32m[1mLinking CXX shared library /home/antonio/documents/2019Summer/dronRL/crazyflies_ws/devel/.private/rotors_control/lib/libroll_pitch_yawrate_thrust_controller.so[0m
[ 66%] Built target roll_pitch_yawrate_thrust_controller
[35m[1mScanning dependencies of target roll_pitch_yawrate_thrust_controller_node[0m
[ 72%] [32mBuilding CXX object CMakeFiles/roll_pitch_yawrate_thrust_controller_node.dir/src/nodes/roll_pitch_yawrate_thrust_controller_node.cpp.o[0m
[ 77%] [32m[1mLinking CXX shared library /home/antonio/documents/2019Summer/dronRL/crazyflies_ws/devel/.private/rotors_control/lib/liblee_position_controller.so[0m
[ 77%] Built target lee_position_controller
[35m[1mScanning dependencies of target lee_position_controller_node[0m
[ 83%] [32mBuilding CXX object CMakeFiles/lee_position_controller_node.dir/src/nodes/lee_position_controller_node.cpp.o[0m
[ 88%] [32m[1mLinking CXX executable /home/antonio/documents/2019Summer/dronRL/crazyflies_ws/devel/.private/rotors_control/lib/rotors_control/position_controller_node[0m
[ 88%] Built target position_controller_node
[ 94%] [32m[1mLinking CXX executable /home/antonio/documents/2019Summer/dronRL/crazyflies_ws/devel/.private/rotors_control/lib/rotors_control/roll_pitch_yawrate_thrust_controller_node[0m
[ 94%] Built target roll_pitch_yawrate_thrust_controller_node
[100%] [32m[1mLinking CXX executable /home/antonio/documents/2019Summer/dronRL/crazyflies_ws/devel/.private/rotors_control/lib/rotors_control/lee_position_controller_node[0m
[100%] Built target lee_position_controller_node
